<?xml version="1.0" encoding="UTF-8"?>
<!-- Generated by org.testng.reporters.JUnitXMLReporter -->
<testsuite ignored="37" hostname="Preetam" failures="0" tests="1" name="Default test" time="0.489" errors="0" timestamp="2023-06-18T00:23:58 EDT">
  <testcase classname="salesForce.com.base.BaseTest" name="@BeforeMethod setUpBeforeTestMethod" time="-1.687062238854E9">
    <failure type="org.testng.TestNGException" message="
Parameter &amp;apos;browserName&amp;apos; is required by BeforeMethod on method setUpBeforeTestMethod but has not been marked @Optional or defined
in C:\Users\arun\AppData\Local\Temp\testng-eclipse--1359129286\testng-customsuite.xml">
      <![CDATA[org.testng.TestNGException: 
Parameter 'browserName' is required by BeforeMethod on method setUpBeforeTestMethod but has not been marked @Optional or defined
in C:\Users\arun\AppData\Local\Temp\testng-eclipse--1359129286\testng-customsuite.xml
at org.testng.internal.Parameters.createParams(Parameters.java:270)
at org.testng.internal.Parameters.createParametersForMethod(Parameters.java:358)
at org.testng.internal.Parameters.createParameters(Parameters.java:700)
at org.testng.internal.Parameters.createConfigurationParameters(Parameters.java:168)
at org.testng.internal.ConfigInvoker.invokeConfigurations(ConfigInvoker.java:302)
at org.testng.internal.TestInvoker.runConfigMethods(TestInvoker.java:700)
at org.testng.internal.TestInvoker.invokeMethod(TestInvoker.java:527)
at org.testng.internal.TestInvoker.invokeTestMethod(TestInvoker.java:173)
at org.testng.internal.MethodRunner.runInSequence(MethodRunner.java:46)
at org.testng.internal.TestInvoker$MethodInvocationAgent.invoke(TestInvoker.java:824)
at org.testng.internal.TestInvoker.invokeTestMethods(TestInvoker.java:146)
at org.testng.internal.TestMethodWorker.invokeTestMethods(TestMethodWorker.java:146)
at org.testng.internal.TestMethodWorker.run(TestMethodWorker.java:128)
at java.base/java.util.ArrayList.forEach(ArrayList.java:1511)
at org.testng.TestRunner.privateRun(TestRunner.java:794)
at org.testng.TestRunner.run(TestRunner.java:596)
at org.testng.SuiteRunner.runTest(SuiteRunner.java:377)
at org.testng.SuiteRunner.runSequentially(SuiteRunner.java:371)
at org.testng.SuiteRunner.privateRun(SuiteRunner.java:332)
at org.testng.SuiteRunner.run(SuiteRunner.java:276)
at org.testng.SuiteRunnerWorker.runSuite(SuiteRunnerWorker.java:53)
at org.testng.SuiteRunnerWorker.run(SuiteRunnerWorker.java:96)
at org.testng.TestNG.runSuitesSequentially(TestNG.java:1212)
at org.testng.TestNG.runSuitesLocally(TestNG.java:1134)
at org.testng.TestNG.runSuites(TestNG.java:1063)
at org.testng.TestNG.run(TestNG.java:1031)
at org.testng.remote.AbstractRemoteTestNG.run(AbstractRemoteTestNG.java:115)
at org.testng.remote.RemoteTestNG.initAndRun(RemoteTestNG.java:251)
at org.testng.remote.RemoteTestNG.main(RemoteTestNG.java:77)
]]>
    </failure>
  </testcase> <!-- @BeforeMethod setUpBeforeTestMethod -->
  <testcase classname="salesForce.com.base.BaseTest" name="@AfterMethod tearDownAfterTestMethod" time="-1.687062238865E9">
    <skipped/>
  </testcase> <!-- @AfterMethod tearDownAfterTestMethod -->
  <testcase classname="salesForce.com.tests.SalesForce_Auto_TestScripts" name="TestCase16_CreateNewOportunity" time="0.0">
    <skipped/>
  </testcase> <!-- TestCase16_CreateNewOportunity -->
  <testcase classname="salesForce.com.tests.SalesForce_Auto_TestScripts" name="TestCase31_CreateNewOportunity" time="0.0">
    <ignored/>
  </testcase> <!-- TestCase31_CreateNewOportunity -->
  <testcase classname="salesForce.com.tests.SalesForce_Auto_TestScripts" name="TestCase36_CreateNewOportunity" time="0.0">
    <ignored/>
  </testcase> <!-- TestCase36_CreateNewOportunity -->
  <testcase classname="salesForce.com.tests.SalesForce_Auto_TestScripts" name="TestCase34_CreateNewOportunity" time="0.0">
    <ignored/>
  </testcase> <!-- TestCase34_CreateNewOportunity -->
  <testcase classname="salesForce.com.tests.SalesForce_Auto_TestScripts" name="TestCase25_CreateNewOportunity" time="0.0">
    <ignored/>
  </testcase> <!-- TestCase25_CreateNewOportunity -->
  <testcase classname="salesForce.com.tests.SalesForce_Auto_TestScripts" name="TestCase23_CreateNewOportunity" time="0.0">
    <ignored/>
  </testcase> <!-- TestCase23_CreateNewOportunity -->
  <testcase classname="salesForce.com.tests.SalesForce_Auto_TestScripts" name="TestCase2_LoginSuccess" time="0.0">
    <ignored/>
  </testcase> <!-- TestCase2_LoginSuccess -->
  <testcase classname="salesForce.com.tests.SalesForce_Auto_TestScripts" name="TestCase20_CreateNewOportunity" time="0.0">
    <ignored/>
  </testcase> <!-- TestCase20_CreateNewOportunity -->
  <testcase classname="salesForce.com.tests.SalesForce_Auto_TestScripts" name="TestCase28_CreateNewOportunity" time="0.0">
    <ignored/>
  </testcase> <!-- TestCase28_CreateNewOportunity -->
  <testcase classname="salesForce.com.tests.SalesForce_Auto_TestScripts" name="TestCase14_CreateAccReport" time="0.0">
    <ignored/>
  </testcase> <!-- TestCase14_CreateAccReport -->
  <testcase classname="salesForce.com.tests.SalesForce_Auto_TestScripts" name="Test_Case4A_TestForgotPassword" time="0.0">
    <ignored/>
  </testcase> <!-- Test_Case4A_TestForgotPassword -->
  <testcase classname="salesForce.com.tests.SalesForce_Auto_TestScripts" name="TestCase7_SelectMySettingOption" time="0.0">
    <ignored/>
  </testcase> <!-- TestCase7_SelectMySettingOption -->
  <testcase classname="salesForce.com.tests.SalesForce_Auto_TestScripts" name="Test_Case5_CheckUserDropDown" time="0.0">
    <ignored/>
  </testcase> <!-- Test_Case5_CheckUserDropDown -->
  <testcase classname="salesForce.com.tests.SalesForce_Auto_TestScripts" name="Test_case4B_ErrorMsgForWrongPass" time="0.0">
    <ignored/>
  </testcase> <!-- Test_case4B_ErrorMsgForWrongPass -->
  <testcase classname="salesForce.com.tests.SalesForce_Auto_TestScripts" name="TestCase9_SelectLogOut" time="0.0">
    <ignored/>
  </testcase> <!-- TestCase9_SelectLogOut -->
  <testcase classname="salesForce.com.tests.SalesForce_Auto_TestScripts" name="TestCase19_TestQuarterlySummaryReport" time="0.0">
    <ignored/>
  </testcase> <!-- TestCase19_TestQuarterlySummaryReport -->
  <testcase classname="salesForce.com.tests.SalesForce_Auto_TestScripts" name="TestCase8_SelectDeveloperConsole" time="0.0">
    <ignored/>
  </testcase> <!-- TestCase8_SelectDeveloperConsole -->
  <testcase classname="salesForce.com.tests.SalesForce_Auto_TestScripts" name="TestCase35_CreateNewOportunity" time="0.0">
    <ignored/>
  </testcase> <!-- TestCase35_CreateNewOportunity -->
  <testcase classname="salesForce.com.tests.SalesForce_Auto_TestScripts" name="TestCase1_InvalidLogin" time="0.0">
    <ignored/>
  </testcase> <!-- TestCase1_InvalidLogin -->
  <testcase classname="salesForce.com.tests.SalesForce_Auto_TestScripts" name="TestCase17_TestOpportunityPipelineReport" time="0.0">
    <ignored/>
  </testcase> <!-- TestCase17_TestOpportunityPipelineReport -->
  <testcase classname="salesForce.com.tests.SalesForce_Auto_TestScripts" name="TestCase11_CreateNewView" time="0.0">
    <ignored/>
  </testcase> <!-- TestCase11_CreateNewView -->
  <testcase classname="salesForce.com.tests.SalesForce_Auto_TestScripts" name="TestCase12_EditView" time="0.0">
    <ignored/>
  </testcase> <!-- TestCase12_EditView -->
  <testcase classname="salesForce.com.tests.SalesForce_Auto_TestScripts" name="TestCase32_CreateNewOportunity" time="0.0">
    <ignored/>
  </testcase> <!-- TestCase32_CreateNewOportunity -->
  <testcase classname="salesForce.com.tests.SalesForce_Auto_TestScripts" name="TestCase27_CreateNewOportunity" time="0.0">
    <ignored/>
  </testcase> <!-- TestCase27_CreateNewOportunity -->
  <testcase classname="salesForce.com.tests.SalesForce_Auto_TestScripts" name="TestCase21_CreateNewOportunity" time="0.0">
    <ignored/>
  </testcase> <!-- TestCase21_CreateNewOportunity -->
  <testcase classname="salesForce.com.tests.SalesForce_Auto_TestScripts" name="TestCase18_TestStuckOpportunitiesReport" time="0.0">
    <ignored/>
  </testcase> <!-- TestCase18_TestStuckOpportunitiesReport -->
  <testcase classname="salesForce.com.tests.SalesForce_Auto_TestScripts" name="Test_Case6_SelectMyProfile" time="0.0">
    <ignored/>
  </testcase> <!-- Test_Case6_SelectMyProfile -->
  <testcase classname="salesForce.com.tests.SalesForce_Auto_TestScripts" name="TestCase33_CreateNewOportunity" time="0.0">
    <ignored/>
  </testcase> <!-- TestCase33_CreateNewOportunity -->
  <testcase classname="salesForce.com.tests.SalesForce_Auto_TestScripts" name="TestCase37_CreateNewOportunity" time="0.0">
    <ignored/>
  </testcase> <!-- TestCase37_CreateNewOportunity -->
  <testcase classname="salesForce.com.tests.SalesForce_Auto_TestScripts" name="TestCase15_OpportunitiesDrpDwn" time="0.0">
    <ignored/>
  </testcase> <!-- TestCase15_OpportunitiesDrpDwn -->
  <testcase classname="salesForce.com.tests.SalesForce_Auto_TestScripts" name="TestCase22_CreateNewOportunity" time="0.0">
    <ignored/>
  </testcase> <!-- TestCase22_CreateNewOportunity -->
  <testcase classname="salesForce.com.tests.SalesForce_Auto_TestScripts" name="TestCase26_CreateNewOportunity" time="0.0">
    <ignored/>
  </testcase> <!-- TestCase26_CreateNewOportunity -->
  <testcase classname="salesForce.com.tests.SalesForce_Auto_TestScripts" name="TestCase10_CreateAccount" time="0.0">
    <ignored/>
  </testcase> <!-- TestCase10_CreateAccount -->
  <testcase classname="salesForce.com.tests.SalesForce_Auto_TestScripts" name="Test_case3_ChecBoxkRememberUsername" time="0.0">
    <ignored/>
  </testcase> <!-- Test_case3_ChecBoxkRememberUsername -->
  <testcase classname="salesForce.com.tests.SalesForce_Auto_TestScripts" name="TestCase13_MergeAccounts" time="0.0">
    <ignored/>
  </testcase> <!-- TestCase13_MergeAccounts -->
  <testcase classname="salesForce.com.tests.SalesForce_Auto_TestScripts" name="TestCase30_CreateNewOportunity" time="0.0">
    <ignored/>
  </testcase> <!-- TestCase30_CreateNewOportunity -->
  <testcase classname="salesForce.com.tests.SalesForce_Auto_TestScripts" name="TestCase29_CreateNewOportunity" time="0.0">
    <ignored/>
  </testcase> <!-- TestCase29_CreateNewOportunity -->
  <testcase classname="salesForce.com.tests.SalesForce_Auto_TestScripts" name="TestCase24_CreateNewOportunity" time="0.0">
    <ignored/>
  </testcase> <!-- TestCase24_CreateNewOportunity -->
</testsuite> <!-- Default test -->
